INFO:root:The trade is starting {'currency_in': 'USD', 'amount': 1.0, 'currency_out': 'BTC'}
INFO:root:The trade is starting 1.0 USD BTC 1 
INFO:root:The trade is {'amount_out': 3.740880000000001e-05, 'currency_out': 'BTC'}
INFO:werkzeug:172.17.0.1 - - [09/Jun/2023 07:56:27] "[35m[1mPOST /exchanges/1/trades HTTP/1.1[0m" 201 -
INFO:werkzeug:172.17.0.1 - - [09/Jun/2023 07:56:49] "GET /exchanges HTTP/1.1" 200 -
INFO:werkzeug:172.17.0.1 - - [09/Jun/2023 07:56:55] "GET /exchanges/history_log HTTP/1.1" 200 -
INFO:root:HistorySearch get begun
INFO:root:args {'search': 'EUR', 'limit': 2}
INFO:root:exchange_id None
INFO:root:offset 0
INFO:root:limit 2
INFO:root:search EUR
INFO:root:date_from None
INFO:root:date_to None
INFO:werkzeug:172.17.0.1 - - [09/Jun/2023 07:57:03] "GET /exchanges/history?limit=2&search=EUR HTTP/1.1" 200 -
INFO:werkzeug: * Detected change in '/app/cli.py', reloading
INFO:werkzeug: * Restarting with stat
WARNING:werkzeug: * Debugger is active!
INFO:werkzeug: * Debugger PIN: 109-019-144
INFO:root:The trade is starting {'currency_in': 'USD', 'amount': 1.0, 'currency_out': 'EUR'}
INFO:root:The trade is starting 1.0 USD EUR 1 
INFO:root:The trade is {'amount_out': 0.93522, 'currency_out': 'EUR'}
INFO:werkzeug:172.17.0.1 - - [09/Jun/2023 07:57:59] "[35m[1mPOST /exchanges/1/trades HTTP/1.1[0m" 201 -
INFO:werkzeug: * Detected change in '/app/cli.py', reloading
INFO:werkzeug: * Restarting with stat
WARNING:werkzeug: * Debugger is active!
INFO:werkzeug: * Debugger PIN: 109-019-144
INFO:root:The trade is starting {'amount': 1.0, 'currency_out': 'EUR', 'currency_in': 'USD'}
INFO:root:The trade is starting 1.0 USD EUR 1 
INFO:root:The trade is {'amount_out': 0.93522, 'currency_out': 'EUR'}
INFO:werkzeug:172.17.0.1 - - [09/Jun/2023 07:58:47] "[35m[1mPOST /exchanges/1/trades HTTP/1.1[0m" 201 -
INFO:werkzeug: * Detected change in '/app/cli.py', reloading
INFO:werkzeug: * Restarting with stat
WARNING:werkzeug: * Debugger is active!
INFO:werkzeug: * Debugger PIN: 109-019-144
INFO:root:The trade is starting {'amount': 1.0, 'currency_out': 'EUR', 'currency_in': 'USD'}
INFO:root:The trade is starting 1.0 USD EUR 1 
INFO:root:The trade is {'amount_out': 0.93522, 'currency_out': 'EUR'}
INFO:werkzeug:172.17.0.1 - - [09/Jun/2023 08:09:34] "[35m[1mPOST /exchanges/1/trades HTTP/1.1[0m" 201 -
INFO:werkzeug: * Detected change in '/app/functions.py', reloading
INFO:werkzeug: * Restarting with stat
WARNING:werkzeug: * Debugger is active!
INFO:werkzeug: * Debugger PIN: 109-019-144
INFO:root:The trade is starting {'currency_out': 'EUR', 'currency_in': 'USD', 'amount': 1.0}
INFO:root:The amount out is 0.93522
INFO:root:The trade is starting 1.0 USD EUR 1 
INFO:root:The trade is {'amount_out': 0.93522, 'currency_out': 'EUR'}
INFO:werkzeug:172.17.0.1 - - [09/Jun/2023 08:11:25] "[35m[1mPOST /exchanges/1/trades HTTP/1.1[0m" 201 -
INFO:werkzeug: * Detected change in '/app/resources/exchange.py', reloading
INFO:werkzeug: * Restarting with stat
WARNING:werkzeug: * Debugger is active!
INFO:werkzeug: * Debugger PIN: 109-019-144
INFO:root:The trade is starting {'currency_out': 'EUR', 'amount': 1.0, 'currency_in': 'USD'}
INFO:root:The amount out is 0.93522
INFO:root:The trade is starting 1.0 USD EUR 1 
INFO:root:The trade is {'amount_out': 0.93522, 'currency_out': 'EUR'}
INFO:root:The trade is created 0.93522 EUR
INFO:werkzeug:172.17.0.1 - - [09/Jun/2023 08:13:38] "[35m[1mPOST /exchanges/1/trades HTTP/1.1[0m" 201 -
INFO:root:The trade is starting {'currency_out': 'EUR', 'amount': 2.0, 'currency_in': 'USD'}
INFO:root:The amount out is 1.87044
INFO:root:The trade is starting 2.0 USD EUR 1 
INFO:root:The trade is {'amount_out': 1.87044, 'currency_out': 'EUR'}
INFO:root:The trade is created 1.87044 EUR
INFO:werkzeug:172.17.0.1 - - [09/Jun/2023 08:15:08] "[35m[1mPOST /exchanges/1/trades HTTP/1.1[0m" 201 -
INFO:werkzeug: * Detected change in '/app/cli.py', reloading
INFO:werkzeug: * Restarting with stat
WARNING:werkzeug: * Debugger is active!
INFO:werkzeug: * Debugger PIN: 109-019-144
INFO:root:The trade is starting {'currency_out': 'EUR', 'amount': 2.0, 'currency_in': 'USD'}
INFO:root:The amount out is 1.87044
INFO:root:The trade is starting 2.0 USD EUR 1 
INFO:root:The trade is {'amount_out': 1.87044, 'currency_out': 'EUR'}
INFO:root:The trade is created 1.87044 EUR
INFO:werkzeug:172.17.0.1 - - [09/Jun/2023 08:16:03] "[35m[1mPOST /exchanges/1/trades HTTP/1.1[0m" 201 -
INFO:root:HistorySearch get begun
INFO:root:args {'offset': 0, 'limit': 100, 'date_from': datetime.date(2023, 6, 1), 'date_to': datetime.date(2023, 6, 9), 'search': 'USD', 'exchange_id': 1}
INFO:root:exchange_id 1
INFO:root:offset 0
INFO:root:limit 100
INFO:root:search USD
INFO:root:date_from 2023-06-01
INFO:root:date_to 2023-06-09
INFO:werkzeug:172.17.0.1 - - [09/Jun/2023 08:27:54] "GET /exchanges/history?offset=0&limit=100&exchange_id=1&search=USD&date_from=2023-06-01&date_to=2023-06-09 HTTP/1.1" 200 -
INFO:root:HistorySearch get begun
INFO:root:args {'offset': 0, 'limit': 8, 'date_from': datetime.date(2023, 6, 1), 'date_to': datetime.date(2023, 6, 9), 'search': 'USD', 'exchange_id': 1}
INFO:root:exchange_id 1
INFO:root:offset 0
INFO:root:limit 8
INFO:root:search USD
INFO:root:date_from 2023-06-01
INFO:root:date_to 2023-06-09
INFO:werkzeug:172.17.0.1 - - [09/Jun/2023 08:44:28] "GET /exchanges/history?offset=0&limit=8&exchange_id=1&search=USD&date_from=2023-06-01&date_to=2023-06-09 HTTP/1.1" 200 -
INFO:werkzeug: * Detected change in '/app/functions.py', reloading
INFO:werkzeug: * Restarting with stat
WARNING:werkzeug: * Debugger is active!
INFO:werkzeug: * Debugger PIN: 109-019-144
INFO:root:HistorySearch get begun
INFO:root:args {'search': 'USD', 'limit': 8, 'date_from': datetime.date(2023, 6, 1), 'exchange_id': 1, 'date_to': datetime.date(2023, 6, 9), 'offset': 0}
INFO:root:exchange_id 1
INFO:root:offset 0
INFO:root:limit 8
INFO:root:search USD
INFO:root:date_from 2023-06-01
INFO:root:date_to 2023-06-09
INFO:werkzeug:172.17.0.1 - - [09/Jun/2023 08:44:36] "GET /exchanges/history?offset=0&limit=8&exchange_id=1&search=USD&date_from=2023-06-01&date_to=2023-06-09 HTTP/1.1" 200 -
INFO:root:HistorySearch get begun
INFO:root:args {'search': 'USD', 'limit': 8, 'date_from': datetime.date(2023, 6, 1), 'exchange_id': 1, 'date_to': datetime.date(2023, 6, 9), 'offset': 10}
INFO:root:exchange_id 1
INFO:root:offset 10
INFO:root:limit 8
INFO:root:search USD
INFO:root:date_from 2023-06-01
INFO:root:date_to 2023-06-09
INFO:werkzeug:172.17.0.1 - - [09/Jun/2023 08:44:56] "GET /exchanges/history?offset=10&limit=8&exchange_id=1&search=USD&date_from=2023-06-01&date_to=2023-06-09 HTTP/1.1" 200 -
INFO:root:HistorySearch get begun
INFO:root:args {'search': 'USD', 'limit': 8, 'date_from': datetime.date(2023, 6, 1), 'exchange_id': 1, 'date_to': datetime.date(2023, 6, 9), 'offset': 4}
INFO:root:exchange_id 1
INFO:root:offset 4
INFO:root:limit 8
INFO:root:search USD
INFO:root:date_from 2023-06-01
INFO:root:date_to 2023-06-09
INFO:werkzeug:172.17.0.1 - - [09/Jun/2023 08:45:21] "GET /exchanges/history?offset=4&limit=8&exchange_id=1&search=USD&date_from=2023-06-01&date_to=2023-06-09 HTTP/1.1" 200 -
INFO:root:HistorySearch get begun
INFO:root:args {'search': 'USD', 'limit': 8, 'exchange_id': 1, 'offset': 4}
INFO:root:exchange_id 1
INFO:root:offset 4
INFO:root:limit 8
INFO:root:search USD
INFO:root:date_from None
INFO:root:date_to None
INFO:werkzeug:172.17.0.1 - - [09/Jun/2023 08:48:34] "GET /exchanges/history?offset=4&limit=8&exchange_id=1&search=USD HTTP/1.1" 200 -
INFO:root:HistorySearch get begun
INFO:root:args {'search': 'USD', 'limit': 10, 'offset': 0}
INFO:root:exchange_id None
INFO:root:offset 0
INFO:root:limit 10
INFO:root:search USD
INFO:root:date_from None
INFO:root:date_to None
INFO:werkzeug:172.17.0.1 - - [09/Jun/2023 08:48:52] "GET /exchanges/history?offset=0&limit=10&search=USD HTTP/1.1" 200 -
INFO:werkzeug: * Detected change in '/app/cli.py', reloading
INFO:werkzeug: * Restarting with stat
WARNING:werkzeug: * Debugger is active!
INFO:werkzeug: * Debugger PIN: 109-019-144
INFO:root:HistorySearch get begun
INFO:root:args {'limit': 20, 'search': 'USD', 'offset': 0}
INFO:root:exchange_id None
INFO:root:offset 0
INFO:root:limit 20
INFO:root:search USD
INFO:root:date_from None
INFO:root:date_to None
INFO:werkzeug:172.17.0.1 - - [09/Jun/2023 08:49:11] "GET /exchanges/history?offset=0&limit=20&search=USD HTTP/1.1" 200 -
INFO:root:HistorySearch get begun
INFO:root:args {'exchange_id': 2, 'limit': 20, 'offset': 0}
INFO:root:exchange_id 2
INFO:root:offset 0
INFO:root:limit 20
INFO:root:search None
INFO:root:date_from None
INFO:root:date_to None
INFO:werkzeug:172.17.0.1 - - [09/Jun/2023 08:56:53] "GET /exchanges/history?offset=0&limit=20&exchange_id=2 HTTP/1.1" 200 -
INFO:root:HistorySearch get begun
INFO:root:args {'exchange_id': 3, 'limit': 20, 'offset': 0}
INFO:root:exchange_id 3
INFO:root:offset 0
INFO:root:limit 20
INFO:root:search None
INFO:root:date_from None
INFO:root:date_to None
INFO:werkzeug:172.17.0.1 - - [09/Jun/2023 08:56:59] "GET /exchanges/history?offset=0&limit=20&exchange_id=3 HTTP/1.1" 200 -
INFO:werkzeug:172.17.0.1 - - [09/Jun/2023 08:57:04] "GET /exchanges HTTP/1.1" 200 -
INFO:werkzeug:172.17.0.1 - - [09/Jun/2023 08:57:10] "GET /exchanges HTTP/1.1" 200 -
INFO:root:HistorySearch get begun
INFO:root:args {'exchange_id': 3, 'limit': 20, 'offset': 0}
INFO:root:exchange_id 3
INFO:root:offset 0
INFO:root:limit 20
INFO:root:search None
INFO:root:date_from None
INFO:root:date_to None
INFO:werkzeug:172.17.0.1 - - [09/Jun/2023 08:57:16] "GET /exchanges/history?offset=0&limit=20&exchange_id=3 HTTP/1.1" 200 -
INFO:werkzeug:172.17.0.1 - - [09/Jun/2023 08:57:26] "GET /exchanges/history_log HTTP/1.1" 200 -
INFO:werkzeug:172.17.0.1 - - [09/Jun/2023 08:57:54] "GET /exchanges HTTP/1.1" 200 -
INFO:root:HistorySearch get begun
INFO:root:args {'exchange_id': 1, 'limit': 20, 'offset': 0}
INFO:root:exchange_id 1
INFO:root:offset 0
INFO:root:limit 20
INFO:root:search None
INFO:root:date_from None
INFO:root:date_to None
INFO:werkzeug:172.17.0.1 - - [09/Jun/2023 08:58:05] "GET /exchanges/history?offset=0&limit=20&exchange_id=1 HTTP/1.1" 200 -
INFO:root:HistorySearch get begun
INFO:root:args {'exchange_id': 1, 'limit': 20, 'offset': 10}
INFO:root:exchange_id 1
INFO:root:offset 10
INFO:root:limit 20
INFO:root:search None
INFO:root:date_from None
INFO:root:date_to None
INFO:werkzeug:172.17.0.1 - - [09/Jun/2023 08:58:25] "GET /exchanges/history?offset=10&limit=20&exchange_id=1 HTTP/1.1" 200 -
INFO:werkzeug:172.17.0.1 - - [09/Jun/2023 09:09:31] "[35m[1mPOST /exchanges/1 HTTP/1.1[0m" 201 -
INFO:werkzeug:172.17.0.1 - - [09/Jun/2023 09:09:38] "GET /exchanges HTTP/1.1" 200 -
INFO:root:The trade is starting {'currency_in': 'USD', 'currency_out': 'LVL', 'amount': 5.0}
INFO:root:The amount out is 3.0244500429
INFO:root:The trade is starting 5.0 USD LVL 1 
INFO:root:The trade is {'amount_out': 3.0244500429, 'currency_out': 'LVL'}
INFO:root:The trade is created 3.0244500429 LVL
INFO:werkzeug:172.17.0.1 - - [09/Jun/2023 09:13:06] "[35m[1mPOST /exchanges/1/trades HTTP/1.1[0m" 201 -
INFO:werkzeug: * Detected change in '/app/resources/exchange.py', reloading
INFO:werkzeug: * Restarting with stat
WARNING:werkzeug: * Debugger is active!
INFO:werkzeug: * Debugger PIN: 109-019-144
INFO:root:The trade is starting {'currency_in': 'USD', 'amount': 5.0, 'currency_out': 'LVL'}
INFO:root:The amount out is 3.0244500429
INFO:root:The trade is starting 5.0 USD LVL 1 
INFO:root:The trade is {'amount_out': 3.0244500429, 'currency_out': 'LVL'}
INFO:root:The trade is created 3.0244500429 LVL
INFO:werkzeug:172.17.0.1 - - [09/Jun/2023 09:15:45] "[35m[1mPOST /exchanges/1/trades HTTP/1.1[0m" 500 -
INFO:werkzeug:172.17.0.1 - - [09/Jun/2023 09:15:46] "[36mGET /exchanges/1/trades?__debugger__=yes&cmd=resource&f=debugger.js HTTP/1.1[0m" 304 -
INFO:werkzeug:172.17.0.1 - - [09/Jun/2023 09:15:46] "[36mGET /exchanges/1/trades?__debugger__=yes&cmd=resource&f=style.css HTTP/1.1[0m" 304 -
INFO:werkzeug:172.17.0.1 - - [09/Jun/2023 09:15:46] "[36mGET /exchanges/1/trades?__debugger__=yes&cmd=resource&f=console.png HTTP/1.1[0m" 304 -
INFO:root:The trade is starting {'currency_in': 'USD', 'amount': 5.0, 'currency_out': 'LVL'}
INFO:root:The amount out is 3.0244500429
INFO:root:The trade is starting 5.0 USD LVL 1 
INFO:root:The trade is {'amount_out': 3.0244500429, 'currency_out': 'LVL'}
INFO:root:The trade is created 3.0244500429 LVL
INFO:werkzeug:172.17.0.1 - - [09/Jun/2023 09:16:12] "[35m[1mPOST /exchanges/1/trades HTTP/1.1[0m" 500 -
INFO:werkzeug:172.17.0.1 - - [09/Jun/2023 09:16:12] "[36mGET /exchanges/1/trades?__debugger__=yes&cmd=resource&f=style.css HTTP/1.1[0m" 304 -
INFO:werkzeug:172.17.0.1 - - [09/Jun/2023 09:16:12] "[36mGET /exchanges/1/trades?__debugger__=yes&cmd=resource&f=debugger.js HTTP/1.1[0m" 304 -
INFO:werkzeug:172.17.0.1 - - [09/Jun/2023 09:16:12] "[36mGET /exchanges/1/trades?__debugger__=yes&cmd=resource&f=console.png HTTP/1.1[0m" 304 -
INFO:werkzeug: * Detected change in '/app/cli.py', reloading
INFO:werkzeug: * Restarting with stat
WARNING:werkzeug: * Debugger is active!
INFO:werkzeug: * Debugger PIN: 109-019-144
INFO:root:The trade is starting {'amount': 100.0, 'currency_in': 'USD', 'currency_out': 'BTC'}
INFO:root:The amount out is 0.0037408800000000007
INFO:root:The trade is starting 100.0 USD BTC 1 
INFO:root:The trade is {'amount_out': 0.0037408800000000007, 'currency_out': 'BTC'}
INFO:root:The trade is created 0.0037408800000000007 BTC
INFO:werkzeug:172.17.0.1 - - [09/Jun/2023 09:19:05] "[35m[1mPOST /exchanges/1/trades HTTP/1.1[0m" 201 -
INFO:werkzeug: * Detected change in '/app/functions.py', reloading
INFO:werkzeug: * Restarting with stat
WARNING:werkzeug: * Debugger is active!
INFO:werkzeug: * Debugger PIN: 109-019-144
INFO:root:The trade is starting {'currency_in': 'USD', 'amount': 5.0, 'currency_out': 'LVL'}
INFO:root:The amount out is 3.0244500429
INFO:root:The trade is starting 5.0 USD LVL 1 
INFO:root:The trade is {'amount_out': 3.0244500429}
INFO:root:The trade is created 3.0244500429 None
INFO:werkzeug:172.17.0.1 - - [09/Jun/2023 09:44:34] "[35m[1mPOST /exchanges/1/trades HTTP/1.1[0m" 201 -
INFO:root:The trade is starting {'currency_in': 'USD', 'amount': 100.0, 'currency_out': 'BTC'}
INFO:root:The amount out is 0.0037408800000000007
INFO:root:The trade is starting 100.0 USD BTC 1 
INFO:root:The trade is {'amount_out': 0.0037408800000000007}
INFO:root:The trade is created 0.0037408800000000007 None
INFO:werkzeug:172.17.0.1 - - [09/Jun/2023 09:45:14] "[35m[1mPOST /exchanges/1/trades HTTP/1.1[0m" 201 -
INFO:werkzeug: * Detected change in '/app/functions.py', reloading
INFO:werkzeug: * Restarting with stat
WARNING:werkzeug: * Debugger is active!
INFO:werkzeug: * Debugger PIN: 109-019-144
INFO:root:The trade is starting {'currency_in': 'USD', 'amount': 5.0, 'currency_out': 'LVL'}
INFO:root:The amount out is 3.0244500429
INFO:root:The trade is starting 5.0 USD LVL 1 
INFO:root:The trade is {'amount_out': '3.0244500429', 'currency_out': 'LVL'}
INFO:root:The trade is created 3.0244500429 LVL
INFO:werkzeug:172.17.0.1 - - [09/Jun/2023 09:48:05] "[35m[1mPOST /exchanges/1/trades HTTP/1.1[0m" 201 -
INFO:root:The trade is starting {'currency_in': 'USD', 'amount': 100.0, 'currency_out': 'BTC'}
INFO:root:The amount out is 0.0037408800000000007
INFO:root:The trade is starting 100.0 USD BTC 1 
INFO:root:The trade is {'amount_out': '0.0037408800000000007', 'currency_out': 'BTC'}
INFO:root:The trade is created 0.0037408800000000007 BTC
INFO:werkzeug:172.17.0.1 - - [09/Jun/2023 09:48:45] "[35m[1mPOST /exchanges/1/trades HTTP/1.1[0m" 201 -
INFO:werkzeug: * Detected change in '/app/functions.py', reloading
INFO:werkzeug: * Restarting with stat
WARNING:werkzeug: * Debugger is active!
INFO:werkzeug: * Debugger PIN: 109-019-144
INFO:root:The trade is starting {'amount': 5.0, 'currency_out': 'LVL', 'currency_in': 'USD'}
INFO:root:The amount out is 3.0244500429
INFO:root:The trade is starting 5.0 USD LVL 1 
INFO:root:The trade is {'amount_out': 3.0244500429, 'currency_out': 'LVL'}
INFO:root:The trade is created 3.0244500429 LVL
INFO:werkzeug:172.17.0.1 - - [09/Jun/2023 09:52:54] "[35m[1mPOST /exchanges/1/trades HTTP/1.1[0m" 201 -
INFO:root:The trade is starting {'amount': 10.0, 'currency_out': 'BTC', 'currency_in': 'USD'}
INFO:root:The amount out is 0.000374088
INFO:root:The trade is starting 10.0 USD BTC 1 
INFO:root:The trade is {'amount_out': 0.000374088, 'currency_out': 'BTC'}
INFO:root:The trade is created 0.000374088 BTC
INFO:werkzeug:172.17.0.1 - - [09/Jun/2023 09:53:05] "[35m[1mPOST /exchanges/1/trades HTTP/1.1[0m" 201 -
INFO:werkzeug: * Detected change in '/app/cli.py', reloading
INFO:werkzeug: * Restarting with stat
WARNING:werkzeug: * Debugger is active!
INFO:werkzeug: * Debugger PIN: 109-019-144
INFO:root:The trade is starting {'currency_out': 'BTC', 'amount': 10.0, 'currency_in': 'USD'}
INFO:root:The amount out is 0.000374088
INFO:root:The trade is starting 10.0 USD BTC 1 
INFO:root:The trade is {'amount_out': 0.000374088, 'currency_out': 'BTC'}
INFO:root:The trade is created 0.000374088 BTC
INFO:werkzeug:172.17.0.1 - - [09/Jun/2023 09:53:46] "[35m[1mPOST /exchanges/1/trades HTTP/1.1[0m" 201 -
INFO:root:The trade is starting {'currency_out': 'EUR', 'amount': 1.0, 'currency_in': 'LVL'}
INFO:root:The amount out is 1.542843
INFO:root:The trade is starting 1.0 LVL EUR 1 
INFO:root:The trade is {'amount_out': 1.542843, 'currency_out': 'EUR'}
INFO:root:The trade is created 1.542843 EUR
INFO:werkzeug:172.17.0.1 - - [09/Jun/2023 09:56:45] "[35m[1mPOST /exchanges/1/trades HTTP/1.1[0m" 201 -
INFO:werkzeug:172.17.0.1 - - [09/Jun/2023 09:57:02] "GET /exchanges HTTP/1.1" 200 -
INFO:werkzeug: * Detected change in '/app/cli.py', reloading
INFO:werkzeug: * Restarting with stat
WARNING:werkzeug: * Debugger is active!
INFO:werkzeug: * Debugger PIN: 109-019-144
INFO:root:The trade is starting {'amount': 1.0, 'currency_out': '"USD"', 'currency_in': '"LVL"'}
INFO:werkzeug:172.17.0.1 - - [09/Jun/2023 09:57:39] "[31m[1mPOST /exchanges/1/trades HTTP/1.1[0m" 400 -
INFO:root:The trade is starting {'amount': 2.0, 'currency_out': 'EUR', 'currency_in': 'USD'}
INFO:root:The amount out is 1.87044
INFO:root:The trade is starting 2.0 USD EUR 1 
INFO:root:The trade is {'amount_out': 1.87044, 'currency_out': 'EUR'}
INFO:root:The trade is created 1.87044 EUR
INFO:werkzeug:172.17.0.1 - - [09/Jun/2023 09:57:58] "[35m[1mPOST /exchanges/1/trades HTTP/1.1[0m" 201 -
INFO:werkzeug: * Detected change in '/app/resources/exchange.py', reloading
INFO:werkzeug: * Restarting with stat
WARNING:werkzeug: * Debugger is active!
INFO:werkzeug: * Debugger PIN: 109-019-144
INFO:root:The trade is starting {'currency_in': 'USD', 'amount': 5.0, 'currency_out': 'LVL'}
INFO:root:The amount out is 3.0244500429
INFO:root:The trade is starting 5.0 USD LVL 1 
INFO:root:The trade is {'amount_out': 3.0244500429, 'currency_out': 'LVL'}
INFO:root:The trade is created 3.0244500429 LVL
INFO:werkzeug:172.17.0.1 - - [09/Jun/2023 10:19:45] "[35m[1mPOST /exchanges/1/trades HTTP/1.1[0m" 201 -
INFO:root:The trade is starting {'currency_in': 'EUR', 'amount': 2.0, 'currency_out': 'BOB'}
INFO:root:The amount out is 14.877938
INFO:root:The trade is starting 2.0 EUR BOB 1 
INFO:root:The trade is {'amount_out': 14.877938, 'currency_out': 'BOB'}
INFO:root:The trade is created 14.877938 BOB
INFO:werkzeug:172.17.0.1 - - [09/Jun/2023 10:20:14] "[35m[1mPOST /exchanges/1/trades HTTP/1.1[0m" 201 -
INFO:werkzeug: * Detected change in '/app/cli.py', reloading
INFO:werkzeug: * Restarting with stat
WARNING:werkzeug: * Debugger is active!
INFO:werkzeug: * Debugger PIN: 109-019-144
INFO:root:The trade is starting {'currency_out': 'BOB', 'amount': 2.0, 'currency_in': 'EUR'}
INFO:root:The amount out is 14.877938
INFO:root:The trade is starting 2.0 EUR BOB 1 
INFO:root:The trade is {'amount_out': 14.877938, 'currency_out': 'BOB'}
INFO:root:The trade is created 14.877938 BOB
INFO:werkzeug:172.17.0.1 - - [09/Jun/2023 10:21:18] "[35m[1mPOST /exchanges/1/trades HTTP/1.1[0m" 201 -
INFO:werkzeug: * Detected change in '/app/cli.py', reloading
INFO:werkzeug: * Restarting with stat
WARNING:werkzeug: * Debugger is active!
INFO:werkzeug: * Debugger PIN: 109-019-144
INFO:root:The trade is starting {'currency_in': 'BTC', 'amount': 2.0, 'currency_out': 'EUR'}
INFO:werkzeug:172.17.0.1 - - [09/Jun/2023 10:32:22] "[31m[1mPOST /exchanges/1/trades HTTP/1.1[0m" 400 -
INFO:root:The trade is starting {'currency_in': 'PLN', 'amount': 2.0, 'currency_out': 'EUR'}
INFO:werkzeug:172.17.0.1 - - [09/Jun/2023 10:32:54] "[31m[1mPOST /exchanges/1/trades HTTP/1.1[0m" 400 -
INFO:werkzeug: * Detected change in '/app/cli.py', reloading
INFO:werkzeug: * Restarting with stat
WARNING:werkzeug: * Debugger is active!
INFO:werkzeug: * Debugger PIN: 109-019-144
INFO:werkzeug:[31m[1mWARNING: This is a development server. Do not use it in a production deployment. Use a production WSGI server instead.[0m
 * Running on all addresses (0.0.0.0)
 * Running on http://127.0.0.1:5000
 * Running on http://172.17.0.2:5000
INFO:werkzeug:[33mPress CTRL+C to quit[0m
INFO:werkzeug: * Restarting with stat
WARNING:werkzeug: * Debugger is active!
INFO:werkzeug: * Debugger PIN: 108-413-802
INFO:werkzeug:172.17.0.1 - - [11/Jun/2023 20:30:41] "GET /swagger-ui HTTP/1.1" 200 -
INFO:werkzeug:172.17.0.1 - - [11/Jun/2023 20:30:42] "GET /openapi.json HTTP/1.1" 200 -
INFO:werkzeug:172.17.0.1 - - [11/Jun/2023 20:30:42] "[33mGET /favicon.ico HTTP/1.1[0m" 404 -
INFO:werkzeug:[31m[1mWARNING: This is a development server. Do not use it in a production deployment. Use a production WSGI server instead.[0m
 * Running on http://127.0.0.1:5000
INFO:werkzeug:[33mPress CTRL+C to quit[0m
INFO:werkzeug: * Restarting with stat
WARNING:werkzeug: * Debugger is active!
INFO:werkzeug: * Debugger PIN: 835-540-974
INFO:werkzeug:[31m[1mWARNING: This is a development server. Do not use it in a production deployment. Use a production WSGI server instead.[0m
 * Running on http://127.0.0.1:5000
INFO:werkzeug:[33mPress CTRL+C to quit[0m
INFO:werkzeug: * Restarting with stat
WARNING:werkzeug: * Debugger is active!
INFO:werkzeug: * Debugger PIN: 835-540-974
INFO:werkzeug: * Detected change in 'D:\\Samuel\\Python_VSc\\Flask_trade_SurgLogs\\cli.py', reloading
INFO:werkzeug: * Restarting with stat
WARNING:werkzeug: * Debugger is active!
INFO:werkzeug: * Debugger PIN: 835-540-974
